{"timestamp": "2025-09-22T17:06:40.911273+09:00", "logger": "main", "level": "INFO", "message": "MQI Communicator starting up", "module": "logging_handler", "function": "_log_with_context", "line": 113}
{"timestamp": "2025-09-22T17:06:40.911273+09:00", "logger": "main", "level": "INFO", "message": "Database connection established", "module": "logging_handler", "function": "_log_with_context", "line": 113, "context": {"db_path": "C:\\MOQUI_SMC\\mqi_communicator\\database\\mqi_communicator.db", "journal_mode": "WAL", "synchronous": "NORMAL"}}
{"timestamp": "2025-09-22T17:06:40.911273+09:00", "logger": "main", "level": "INFO", "message": "Database schema initialized successfully", "module": "logging_handler", "function": "_log_with_context", "line": 113}
{"timestamp": "2025-09-22T17:06:40.927150+09:00", "logger": "main", "level": "INFO", "message": "Database connection closed", "module": "logging_handler", "function": "_log_with_context", "line": 113}
{"timestamp": "2025-09-22T17:06:40.927150+09:00", "logger": "main", "level": "INFO", "message": "Database initialized successfully", "module": "logging_handler", "function": "_log_with_context", "line": 113, "context": {"path": "C:\\MOQUI_SMC\\mqi_communicator\\database\\mqi_communicator.db"}}
{"timestamp": "2025-09-22T17:06:40.927150+09:00", "logger": "main", "level": "INFO", "message": "Scanning for existing cases at startup", "module": "logging_handler", "function": "_log_with_context", "line": 113}
{"timestamp": "2025-09-22T17:06:40.931116+09:00", "logger": "main", "level": "INFO", "message": "Database connection established", "module": "logging_handler", "function": "_log_with_context", "line": 113, "context": {"db_path": "C:\\MOQUI_SMC\\mqi_communicator\\database\\mqi_communicator.db", "journal_mode": "WAL", "synchronous": "NORMAL"}}
{"timestamp": "2025-09-22T17:06:40.931116+09:00", "logger": "main", "level": "INFO", "message": "Retrieved all case IDs from database", "module": "logging_handler", "function": "_log_with_context", "line": 113, "context": {"total_cases": 1}}
{"timestamp": "2025-09-22T17:06:40.931116+09:00", "logger": "main", "level": "INFO", "message": "Found 1 cases already in database", "module": "logging_handler", "function": "_log_with_context", "line": 113}
{"timestamp": "2025-09-22T17:06:40.932105+09:00", "logger": "main", "level": "INFO", "message": "Found 1 case directories in scan directory", "module": "logging_handler", "function": "_log_with_context", "line": 113}
{"timestamp": "2025-09-22T17:06:40.932105+09:00", "logger": "main", "level": "INFO", "message": "No new cases found during startup scan", "module": "logging_handler", "function": "_log_with_context", "line": 113}
{"timestamp": "2025-09-22T17:06:40.932985+09:00", "logger": "main", "level": "INFO", "message": "Database connection closed", "module": "logging_handler", "function": "_log_with_context", "line": 113}
{"timestamp": "2025-09-22T17:06:40.932985+09:00", "logger": "main", "level": "INFO", "message": "Watching for new cases in: C:\\MOQUI_SMC\\data\\log_SHI", "module": "logging_handler", "function": "_log_with_context", "line": 113}
{"timestamp": "2025-09-22T17:06:40.934020+09:00", "logger": "main", "level": "INFO", "message": "Starting UI process", "module": "logging_handler", "function": "_log_with_context", "line": 113, "context": {"command": "c:\\Users\\com\\AppData\\Local\\Programs\\Python\\Python312\\python.exe -m src.ui.dashboard C:\\MOQUI_SMC\\mqi_communicator\\database\\mqi_communicator.db --config C:\\MOQUI_SMC\\mqi_communicator\\config\\config.yaml", "database_path": "C:\\MOQUI_SMC\\mqi_communicator\\database\\mqi_communicator.db", "platform": "Windows"}}
{"timestamp": "2025-09-22T17:06:40.934020+09:00", "logger": "main", "level": "INFO", "message": "About to start UI subprocess", "module": "logging_handler", "function": "_log_with_context", "line": 113, "context": {"command": "c:\\Users\\com\\AppData\\Local\\Programs\\Python\\Python312\\python.exe -m src.ui.dashboard C:\\MOQUI_SMC\\mqi_communicator\\database\\mqi_communicator.db --config C:\\MOQUI_SMC\\mqi_communicator\\config\\config.yaml", "cwd": "C:\\MOQUI_SMC\\mqi_communicator", "creation_flags": 16}}
{"timestamp": "2025-09-22T17:06:42.940315+09:00", "logger": "main", "level": "INFO", "message": "UI process started successfully", "module": "logging_handler", "function": "_log_with_context", "line": 113, "context": {"pid": 35740}}
{"timestamp": "2025-09-22T17:06:42.940315+09:00", "logger": "main", "level": "INFO", "message": "Dashboard UI process started successfully", "module": "logging_handler", "function": "_log_with_context", "line": 113}
{"timestamp": "2025-09-22T17:06:42.940315+09:00", "logger": "main", "level": "INFO", "message": "Initializing GPU monitoring service.", "module": "logging_handler", "function": "_log_with_context", "line": 113}
{"timestamp": "2025-09-22T17:06:42.944697+09:00", "logger": "main", "level": "INFO", "message": "Database connection established", "module": "logging_handler", "function": "_log_with_context", "line": 113, "context": {"db_path": "C:\\MOQUI_SMC\\mqi_communicator\\database\\mqi_communicator.db", "journal_mode": "WAL", "synchronous": "NORMAL"}}
{"timestamp": "2025-09-22T17:06:42.944697+09:00", "logger": "main", "level": "INFO", "message": "Starting GPU monitoring service.", "module": "logging_handler", "function": "_log_with_context", "line": 113}
{"timestamp": "2025-09-22T17:06:42.944697+09:00", "logger": "main", "level": "INFO", "message": "GPU monitor loop started.", "module": "logging_handler", "function": "_log_with_context", "line": 113, "context": {"update_interval": 10}}
{"timestamp": "2025-09-22T17:06:42.957310+09:00", "logger": "main", "level": "INFO", "message": "GPU monitoring service started.", "module": "logging_handler", "function": "_log_with_context", "line": 113}
{"timestamp": "2025-09-22T17:06:42.957685+09:00", "logger": "main", "level": "INFO", "message": "Executing remote command", "module": "logging_handler", "function": "_log_with_context", "line": 113, "context": {"context_id": "gpu_monitoring", "command": "nvidia-smi --query-gpu=index,uuid,name,memory.total,memory.used,memory.free,temperature.gpu,utilization.gpu --format=csv,noheader,nounits", "remote_cwd": null}}
{"timestamp": "2025-09-22T17:06:42.958008+09:00", "logger": "main", "level": "INFO", "message": "Service monitor thread started.", "module": "logging_handler", "function": "_log_with_context", "line": 113}
{"timestamp": "2025-09-22T17:06:42.958508+09:00", "logger": "main", "level": "INFO", "message": "Establishing HPC connection", "module": "logging_handler", "function": "_log_with_context", "line": 113, "context": {"host": "configured"}}
{"timestamp": "2025-09-22T17:06:42.958508+09:00", "logger": "main", "level": "INFO", "message": "Started worker pool with 4 processes", "module": "logging_handler", "function": "_log_with_context", "line": 113}
{"timestamp": "2025-09-22T17:06:44.381556+09:00", "logger": "main", "level": "INFO", "message": "HPC connection established successfully", "module": "logging_handler", "function": "_log_with_context", "line": 113}
{"timestamp": "2025-09-22T17:06:44.592325+09:00", "logger": "main", "level": "INFO", "message": "Remote command completed successfully", "module": "logging_handler", "function": "_log_with_context", "line": 113, "context": {"context_id": "gpu_monitoring", "command": "nvidia-smi --query-gpu=index,uuid,name,memory.total,memory.used,memory.free,temperature.gpu,utilization.gpu --format=csv,noheader,nounits", "output_length": 710}}
{"timestamp": "2025-09-22T17:06:44.592325+09:00", "logger": "main", "level": "INFO", "message": "Successfully fetched and parsed remote GPU data.", "module": "logging_handler", "function": "_log_with_context", "line": 113, "context": {"gpu_count": 8}}
{"timestamp": "2025-09-22T17:06:54.605219+09:00", "logger": "main", "level": "INFO", "message": "Executing remote command", "module": "logging_handler", "function": "_log_with_context", "line": 113, "context": {"context_id": "gpu_monitoring", "command": "nvidia-smi --query-gpu=index,uuid,name,memory.total,memory.used,memory.free,temperature.gpu,utilization.gpu --format=csv,noheader,nounits", "remote_cwd": null}}
{"timestamp": "2025-09-22T17:06:54.711861+09:00", "logger": "main", "level": "INFO", "message": "Remote command completed successfully", "module": "logging_handler", "function": "_log_with_context", "line": 113, "context": {"context_id": "gpu_monitoring", "command": "nvidia-smi --query-gpu=index,uuid,name,memory.total,memory.used,memory.free,temperature.gpu,utilization.gpu --format=csv,noheader,nounits", "output_length": 710}}
{"timestamp": "2025-09-22T17:06:54.712539+09:00", "logger": "main", "level": "INFO", "message": "Successfully fetched and parsed remote GPU data.", "module": "logging_handler", "function": "_log_with_context", "line": 113, "context": {"gpu_count": 8}}
{"timestamp": "2025-09-22T17:07:04.721923+09:00", "logger": "main", "level": "INFO", "message": "Executing remote command", "module": "logging_handler", "function": "_log_with_context", "line": 113, "context": {"context_id": "gpu_monitoring", "command": "nvidia-smi --query-gpu=index,uuid,name,memory.total,memory.used,memory.free,temperature.gpu,utilization.gpu --format=csv,noheader,nounits", "remote_cwd": null}}
{"timestamp": "2025-09-22T17:07:04.851541+09:00", "logger": "main", "level": "INFO", "message": "Remote command completed successfully", "module": "logging_handler", "function": "_log_with_context", "line": 113, "context": {"context_id": "gpu_monitoring", "command": "nvidia-smi --query-gpu=index,uuid,name,memory.total,memory.used,memory.free,temperature.gpu,utilization.gpu --format=csv,noheader,nounits", "output_length": 710}}
{"timestamp": "2025-09-22T17:07:04.851541+09:00", "logger": "main", "level": "INFO", "message": "Successfully fetched and parsed remote GPU data.", "module": "logging_handler", "function": "_log_with_context", "line": 113, "context": {"gpu_count": 8}}
